2
   
 Authoris
ation to release information 
 Page 1 de
 / of 2
  
  In English (Exclusively
 reserved for Medical Records) 
   *Cette information concerne la personne 
pour laquelle une demande est faite*
 *This information concerns the person for whom the request is made*
 PATIENT Nom / 
Last name
                
     Pr”nom / 
First name
        
         Autre nom utilis” pr”sentement / 
Other name presently used
  Date de naissance / 
Date of birth
              No 
Medicare No.
                    
No de dossier / 
MRN No.
   Date du d”c‘s
 / Date of death (si applicable / If applicable**)    
(AAYY/MM/JD)
 _________________
 **Si la personne est d”c
”d”e, un certificat de d”c‘s et une preuve de parent” ou lien autorisant la personne qui doit signer ce 
formulaire sont n”cessaires (ex: certificat de naissance)
 If this person is deceased, a death cer
tificate and a proof of authoris
ation / relationship fo
r the person sign
ing this form is required (ex: b
irth certificate)
 Nom et pr”nom(s) de la m‘re
 / 
  Nom et pr”nom(s) du p‘re / 

 Adresse actuelle / 
Current address       
      
Ville / 
City  
          
Province 
 Pays / 
Province 
- Coun
try      
Code postal / 
Postal Code 
  N¼ de t”l”phone
 / Telephone No.
   Autre N¼ de 
t”l”
phone 
/ Other telephone No.
    Je, soussign”
 / I, the undersigned
 ________________________________________________________________________
_____
  En ma qualit” de / 
In my capacity of  
 Patient 
 Parent 
 Repr”sentant l”gal
 / L
egal representative  __________________
                    Sp”cifier
 / Specify
 Autorise la transmission des renseignements
 suivants 
 Authoris
e the transmission of the following
 information ___________________________________
____________________________
 ________________________________________________________________________________________________________________________
________________________________________________________________________________________________________________________
________________________________________________________________________________________________________________________
 …tablissement
 / Establishment 
__________________________________________________________________________
___________
__________   R…CIPIENDAIR
E / RECIPENT
  Ë faire parvenir ‹
 / To send to __________________________________________________________
_______________________________
  Concernant les services re“us durant la p”riode suivante / 
Concerning the services received during the following period
    Transmission par
 / by  
   Poste
 / Mail       
    
 Cueillette
 / Pick up  
           
 T”l”copieur
 / Fax
   N¼ de t”l”copieur
 / Fax No. 
     
Cueillette par (Nom de la personne)
 / Pick up by (
Name of person) 
      
N¼ de t”l”phone
 / Telephone 
No.
   Adresse
 / Address 
    Cette autorisation est valide pour une p”riode de
 _____
 jours suivant la date 
de la signature de ce document.
  This authoris
ation
 is valid for a period of _____
 days following the date this document was signed.
       __________________________________________________
  Date
 __________________      Signature 
du patient ou de son repr”sentant l”gal 
                       
(AAYY/MM/JD)
      Signature of patient or his legal representative 
                 
__________________________________________________
   Date 
__________________     Signature du t”moin
 / 
            
(AAYY/MM/JD)
  Ce formulaire est en conformit”
 avec la loi sur les Services de sant” et les services sociaux 
(L.R.Q., S
-
protection des renseignements personnels (L.R.Q., chapitre A
-2-
signataires son
t  autoris”s ‹ le faire et 
le cas ”ch”ant, pri‘re de mentionner ‹ quel titre  

 signer
 The above is in accordance with an act respecting Health Services and Social 
Services (c. 
S-4.2)
, an act respecting access to documents held by public bodies 
and the
 protection of 
personal 
information and
 any other pertinent acts.
 (L.R.Q., chapter A
-2-1).
 It must be assured 
that the person signing this form is authorized to do so. Please indicate the capacity in which 
the person is authorized to sign. (Curator, holder of parental authority)
 Original 
-Archives m”dicales / 
Medical records
         Copie jaune
 - Ë joindre avec les copies / 
Yellow copy 
- To join with copies
  DM-3061 (REV 2015/08/17) CUSM repro MUHC 
 !"#$%&'(&!)!
